{"G:\\Arbutus projects\\Task Management\\app.js": {"path":"G:\\Arbutus projects\\Task Management\\app.js","statementMap":{"0":{"start":{"line":5,"column":12},"end":{"line":5,"column":21}},"1":{"start":{"line":7,"column":0},"end":{"line":7,"column":16}},"2":{"start":{"line":8,"column":0},"end":{"line":8,"column":24}},"3":{"start":{"line":10,"column":0},"end":{"line":10,"column":24}}},"fnMap":{},"branchMap":{},"s":{"0":3,"1":3,"2":3,"3":3},"f":{},"b":{},"inputSourceMap":null,"_coverageSchema":"1a1c01bbd47fc00a2c39e90264f33305004495a9","hash":"b9150b9490dc747d807cca88ba41b36b6b99f9a4"}
,"G:\\Arbutus projects\\Task Management\\models\\project.model.js": {"path":"G:\\Arbutus projects\\Task Management\\models\\project.model.js","statementMap":{"0":{"start":{"line":3,"column":22},"end":{"line":40,"column":1}},"1":{"start":{"line":45,"column":0},"end":{"line":45,"column":34}},"2":{"start":{"line":46,"column":0},"end":{"line":46,"column":36}}},"fnMap":{},"branchMap":{},"s":{"0":4,"1":4,"2":4},"f":{},"b":{},"inputSourceMap":null,"_coverageSchema":"1a1c01bbd47fc00a2c39e90264f33305004495a9","hash":"8c6180beb64153d724c5d7d665104c051394c16f"}
,"G:\\Arbutus projects\\Task Management\\models\\task.model.js": {"path":"G:\\Arbutus projects\\Task Management\\models\\task.model.js","statementMap":{"0":{"start":{"line":3,"column":19},"end":{"line":51,"column":1}},"1":{"start":{"line":56,"column":0},"end":{"line":56,"column":33}},"2":{"start":{"line":57,"column":0},"end":{"line":57,"column":36}},"3":{"start":{"line":58,"column":0},"end":{"line":58,"column":32}},"4":{"start":{"line":59,"column":0},"end":{"line":59,"column":36}}},"fnMap":{},"branchMap":{},"s":{"0":3,"1":3,"2":3,"3":3,"4":3},"f":{},"b":{},"inputSourceMap":null,"_coverageSchema":"1a1c01bbd47fc00a2c39e90264f33305004495a9","hash":"8722ee0fa192b7bbd8bacce6dac5ef6f2882bec5"}
,"G:\\Arbutus projects\\Task Management\\models\\user.model.js": {"path":"G:\\Arbutus projects\\Task Management\\models\\user.model.js","statementMap":{"0":{"start":{"line":3,"column":19},"end":{"line":16,"column":1}}},"fnMap":{},"branchMap":{},"s":{"0":3},"f":{},"b":{},"inputSourceMap":null,"_coverageSchema":"1a1c01bbd47fc00a2c39e90264f33305004495a9","hash":"781ea21392f074da52296cb290156e1166315af3"}
,"G:\\Arbutus projects\\Task Management\\routes\\index.js": {"path":"G:\\Arbutus projects\\Task Management\\routes\\index.js","statementMap":{"0":{"start":{"line":6,"column":15},"end":{"line":6,"column":31}},"1":{"start":{"line":8,"column":0},"end":{"line":8,"column":33}},"2":{"start":{"line":9,"column":0},"end":{"line":9,"column":39}},"3":{"start":{"line":10,"column":0},"end":{"line":10,"column":33}}},"fnMap":{},"branchMap":{},"s":{"0":3,"1":3,"2":3,"3":3},"f":{},"b":{},"inputSourceMap":null,"_coverageSchema":"1a1c01bbd47fc00a2c39e90264f33305004495a9","hash":"1c67e03cf8c663f536dd14583997be95f9478524"}
,"G:\\Arbutus projects\\Task Management\\routes\\projects.routes.js": {"path":"G:\\Arbutus projects\\Task Management\\routes\\projects.routes.js","statementMap":{"0":{"start":{"line":4,"column":15},"end":{"line":4,"column":31}},"1":{"start":{"line":6,"column":0},"end":{"line":6,"column":50}},"2":{"start":{"line":8,"column":0},"end":{"line":8,"column":47}},"3":{"start":{"line":10,"column":0},"end":{"line":10,"column":53}},"4":{"start":{"line":12,"column":0},"end":{"line":12,"column":52}},"5":{"start":{"line":14,"column":0},"end":{"line":14,"column":55}},"6":{"start":{"line":16,"column":0},"end":{"line":16,"column":60}},"7":{"start":{"line":18,"column":0},"end":{"line":18,"column":75}},"8":{"start":{"line":19,"column":0},"end":{"line":22,"column":2}}},"fnMap":{},"branchMap":{},"s":{"0":3,"1":3,"2":3,"3":3,"4":3,"5":3,"6":3,"7":3,"8":3},"f":{},"b":{},"inputSourceMap":null,"_coverageSchema":"1a1c01bbd47fc00a2c39e90264f33305004495a9","hash":"bfe693111775c89af188813ab63f6bd16a06dd3d"}
,"G:\\Arbutus projects\\Task Management\\routes\\task.routes.js": {"path":"G:\\Arbutus projects\\Task Management\\routes\\task.routes.js","statementMap":{"0":{"start":{"line":4,"column":15},"end":{"line":4,"column":31}},"1":{"start":{"line":6,"column":0},"end":{"line":6,"column":44}},"2":{"start":{"line":8,"column":0},"end":{"line":8,"column":41}},"3":{"start":{"line":10,"column":0},"end":{"line":10,"column":47}},"4":{"start":{"line":12,"column":0},"end":{"line":12,"column":46}},"5":{"start":{"line":14,"column":0},"end":{"line":14,"column":49}},"6":{"start":{"line":16,"column":0},"end":{"line":16,"column":61}},"7":{"start":{"line":18,"column":0},"end":{"line":18,"column":55}},"8":{"start":{"line":20,"column":0},"end":{"line":20,"column":63}}},"fnMap":{},"branchMap":{},"s":{"0":3,"1":3,"2":3,"3":3,"4":3,"5":3,"6":3,"7":3,"8":3},"f":{},"b":{},"inputSourceMap":null,"_coverageSchema":"1a1c01bbd47fc00a2c39e90264f33305004495a9","hash":"0a658c76e5f1c98232ec21823e4d95f8b85796ba"}
,"G:\\Arbutus projects\\Task Management\\routes\\user.routes.js": {"path":"G:\\Arbutus projects\\Task Management\\routes\\user.routes.js","statementMap":{"0":{"start":{"line":4,"column":15},"end":{"line":4,"column":31}},"1":{"start":{"line":6,"column":0},"end":{"line":6,"column":50}},"2":{"start":{"line":7,"column":0},"end":{"line":7,"column":41}}},"fnMap":{},"branchMap":{},"s":{"0":3,"1":3,"2":3},"f":{},"b":{},"inputSourceMap":null,"_coverageSchema":"1a1c01bbd47fc00a2c39e90264f33305004495a9","hash":"0aae759d0bf2eeee3967cf7b8acb58817a442cf7"}
,"G:\\Arbutus projects\\Task Management\\src\\project\\project.controller.js": {"path":"G:\\Arbutus projects\\Task Management\\src\\project\\project.controller.js","statementMap":{"0":{"start":{"line":6,"column":29},"end":{"line":12,"column":2}},"1":{"start":{"line":7,"column":2},"end":{"line":7,"column":39}},"2":{"start":{"line":9,"column":18},"end":{"line":9,"column":62}},"3":{"start":{"line":11,"column":2},"end":{"line":11,"column":73}},"4":{"start":{"line":14,"column":27},"end":{"line":18,"column":2}},"5":{"start":{"line":15,"column":17},"end":{"line":15,"column":60}},"6":{"start":{"line":17,"column":2},"end":{"line":17,"column":60}},"7":{"start":{"line":20,"column":30},"end":{"line":24,"column":2}},"8":{"start":{"line":21,"column":18},"end":{"line":21,"column":68}},"9":{"start":{"line":23,"column":2},"end":{"line":23,"column":60}},"10":{"start":{"line":26,"column":29},"end":{"line":30,"column":2}},"11":{"start":{"line":27,"column":18},"end":{"line":27,"column":77}},"12":{"start":{"line":29,"column":2},"end":{"line":29,"column":60}},"13":{"start":{"line":32,"column":29},"end":{"line":36,"column":2}},"14":{"start":{"line":33,"column":2},"end":{"line":33,"column":52}},"15":{"start":{"line":35,"column":2},"end":{"line":35,"column":51}},"16":{"start":{"line":38,"column":31},"end":{"line":42,"column":2}},"17":{"start":{"line":39,"column":16},"end":{"line":39,"column":78}},"18":{"start":{"line":41,"column":2},"end":{"line":41,"column":64}},"19":{"start":{"line":44,"column":35},"end":{"line":48,"column":2}},"20":{"start":{"line":45,"column":15},"end":{"line":45,"column":57}},"21":{"start":{"line":47,"column":2},"end":{"line":47,"column":68}},"22":{"start":{"line":50,"column":40},"end":{"line":54,"column":2}},"23":{"start":{"line":51,"column":15},"end":{"line":51,"column":62}},"24":{"start":{"line":53,"column":2},"end":{"line":53,"column":73}}},"fnMap":{"0":{"name":"(anonymous_0)","decl":{"start":{"line":6,"column":42},"end":{"line":6,"column":43}},"loc":{"start":{"line":6,"column":62},"end":{"line":12,"column":1}},"line":6},"1":{"name":"(anonymous_1)","decl":{"start":{"line":14,"column":40},"end":{"line":14,"column":41}},"loc":{"start":{"line":14,"column":60},"end":{"line":18,"column":1}},"line":14},"2":{"name":"(anonymous_2)","decl":{"start":{"line":20,"column":43},"end":{"line":20,"column":44}},"loc":{"start":{"line":20,"column":63},"end":{"line":24,"column":1}},"line":20},"3":{"name":"(anonymous_3)","decl":{"start":{"line":26,"column":42},"end":{"line":26,"column":43}},"loc":{"start":{"line":26,"column":62},"end":{"line":30,"column":1}},"line":26},"4":{"name":"(anonymous_4)","decl":{"start":{"line":32,"column":42},"end":{"line":32,"column":43}},"loc":{"start":{"line":32,"column":62},"end":{"line":36,"column":1}},"line":32},"5":{"name":"(anonymous_5)","decl":{"start":{"line":38,"column":44},"end":{"line":38,"column":45}},"loc":{"start":{"line":38,"column":64},"end":{"line":42,"column":1}},"line":38},"6":{"name":"(anonymous_6)","decl":{"start":{"line":44,"column":48},"end":{"line":44,"column":49}},"loc":{"start":{"line":44,"column":68},"end":{"line":48,"column":1}},"line":44},"7":{"name":"(anonymous_7)","decl":{"start":{"line":50,"column":53},"end":{"line":50,"column":54}},"loc":{"start":{"line":50,"column":73},"end":{"line":54,"column":1}},"line":50}},"branchMap":{},"s":{"0":3,"1":2,"2":2,"3":2,"4":3,"5":0,"6":0,"7":3,"8":0,"9":0,"10":3,"11":0,"12":0,"13":3,"14":0,"15":0,"16":3,"17":0,"18":0,"19":3,"20":1,"21":1,"22":3,"23":0,"24":0},"f":{"0":2,"1":0,"2":0,"3":0,"4":0,"5":0,"6":1,"7":0},"b":{},"inputSourceMap":null,"_coverageSchema":"1a1c01bbd47fc00a2c39e90264f33305004495a9","hash":"823af529771c1088d2a452f468e81c547eb11a5a"}
,"G:\\Arbutus projects\\Task Management\\src\\project\\project.service.js": {"path":"G:\\Arbutus projects\\Task Management\\src\\project\\project.service.js","statementMap":{"0":{"start":{"line":5,"column":29},"end":{"line":7,"column":1}},"1":{"start":{"line":6,"column":2},"end":{"line":6,"column":36}},"2":{"start":{"line":9,"column":27},"end":{"line":22,"column":1}},"3":{"start":{"line":10,"column":56},"end":{"line":10,"column":61}},"4":{"start":{"line":12,"column":15},"end":{"line":12,"column":33}},"5":{"start":{"line":14,"column":19},"end":{"line":17,"column":25}},"6":{"start":{"line":19,"column":16},"end":{"line":19,"column":46}},"7":{"start":{"line":21,"column":2},"end":{"line":21,"column":29}},"8":{"start":{"line":24,"column":30},"end":{"line":30,"column":1}},"9":{"start":{"line":25,"column":18},"end":{"line":25,"column":44}},"10":{"start":{"line":27,"column":2},"end":{"line":27,"column":61}},"11":{"start":{"line":27,"column":16},"end":{"line":27,"column":61}},"12":{"start":{"line":29,"column":2},"end":{"line":29,"column":17}},"13":{"start":{"line":32,"column":29},"end":{"line":40,"column":1}},"14":{"start":{"line":33,"column":18},"end":{"line":35,"column":4}},"15":{"start":{"line":37,"column":2},"end":{"line":37,"column":61}},"16":{"start":{"line":37,"column":16},"end":{"line":37,"column":61}},"17":{"start":{"line":39,"column":2},"end":{"line":39,"column":17}},"18":{"start":{"line":42,"column":29},"end":{"line":46,"column":1}},"19":{"start":{"line":43,"column":18},"end":{"line":43,"column":53}},"20":{"start":{"line":45,"column":2},"end":{"line":45,"column":61}},"21":{"start":{"line":45,"column":16},"end":{"line":45,"column":61}},"22":{"start":{"line":48,"column":31},"end":{"line":56,"column":1}},"23":{"start":{"line":49,"column":21},"end":{"line":49,"column":26}},"24":{"start":{"line":51,"column":17},"end":{"line":51,"column":39}},"25":{"start":{"line":53,"column":2},"end":{"line":53,"column":37}},"26":{"start":{"line":53,"column":14},"end":{"line":53,"column":37}},"27":{"start":{"line":55,"column":2},"end":{"line":55,"column":33}},"28":{"start":{"line":58,"column":35},"end":{"line":102,"column":1}},"29":{"start":{"line":59,"column":16},"end":{"line":99,"column":4}},"30":{"start":{"line":101,"column":2},"end":{"line":101,"column":15}},"31":{"start":{"line":104,"column":40},"end":{"line":143,"column":1}},"32":{"start":{"line":105,"column":17},"end":{"line":140,"column":4}},"33":{"start":{"line":142,"column":2},"end":{"line":142,"column":16}}},"fnMap":{"0":{"name":"(anonymous_0)","decl":{"start":{"line":5,"column":29},"end":{"line":5,"column":30}},"loc":{"start":{"line":5,"column":45},"end":{"line":7,"column":1}},"line":5},"1":{"name":"(anonymous_1)","decl":{"start":{"line":9,"column":27},"end":{"line":9,"column":28}},"loc":{"start":{"line":9,"column":44},"end":{"line":22,"column":1}},"line":9},"2":{"name":"(anonymous_2)","decl":{"start":{"line":24,"column":30},"end":{"line":24,"column":31}},"loc":{"start":{"line":24,"column":44},"end":{"line":30,"column":1}},"line":24},"3":{"name":"(anonymous_3)","decl":{"start":{"line":32,"column":29},"end":{"line":32,"column":30}},"loc":{"start":{"line":32,"column":49},"end":{"line":40,"column":1}},"line":32},"4":{"name":"(anonymous_4)","decl":{"start":{"line":42,"column":29},"end":{"line":42,"column":30}},"loc":{"start":{"line":42,"column":43},"end":{"line":46,"column":1}},"line":42},"5":{"name":"(anonymous_5)","decl":{"start":{"line":48,"column":31},"end":{"line":48,"column":32}},"loc":{"start":{"line":48,"column":59},"end":{"line":56,"column":1}},"line":48},"6":{"name":"(anonymous_6)","decl":{"start":{"line":58,"column":35},"end":{"line":58,"column":36}},"loc":{"start":{"line":58,"column":47},"end":{"line":102,"column":1}},"line":58},"7":{"name":"(anonymous_7)","decl":{"start":{"line":104,"column":40},"end":{"line":104,"column":41}},"loc":{"start":{"line":104,"column":52},"end":{"line":143,"column":1}},"line":104}},"branchMap":{"0":{"loc":{"start":{"line":10,"column":10},"end":{"line":10,"column":18}},"type":"default-arg","locations":[{"start":{"line":10,"column":17},"end":{"line":10,"column":18}}],"line":10},"1":{"loc":{"start":{"line":10,"column":20},"end":{"line":10,"column":30}},"type":"default-arg","locations":[{"start":{"line":10,"column":28},"end":{"line":10,"column":30}}],"line":10},"2":{"loc":{"start":{"line":10,"column":32},"end":{"line":10,"column":51}},"type":"default-arg","locations":[{"start":{"line":10,"column":39},"end":{"line":10,"column":51}}],"line":10},"3":{"loc":{"start":{"line":27,"column":2},"end":{"line":27,"column":61}},"type":"if","locations":[{"start":{"line":27,"column":2},"end":{"line":27,"column":61}},{"start":{},"end":{}}],"line":27},"4":{"loc":{"start":{"line":37,"column":2},"end":{"line":37,"column":61}},"type":"if","locations":[{"start":{"line":37,"column":2},"end":{"line":37,"column":61}},{"start":{},"end":{}}],"line":37},"5":{"loc":{"start":{"line":45,"column":2},"end":{"line":45,"column":61}},"type":"if","locations":[{"start":{"line":45,"column":2},"end":{"line":45,"column":61}},{"start":{},"end":{}}],"line":45},"6":{"loc":{"start":{"line":53,"column":2},"end":{"line":53,"column":37}},"type":"if","locations":[{"start":{"line":53,"column":2},"end":{"line":53,"column":37}},{"start":{},"end":{}}],"line":53}},"s":{"0":4,"1":2,"2":4,"3":0,"4":0,"5":0,"6":0,"7":0,"8":4,"9":0,"10":0,"11":0,"12":0,"13":4,"14":0,"15":0,"16":0,"17":0,"18":4,"19":0,"20":0,"21":0,"22":4,"23":0,"24":0,"25":0,"26":0,"27":0,"28":4,"29":4,"30":3,"31":4,"32":0,"33":0},"f":{"0":2,"1":0,"2":0,"3":0,"4":0,"5":0,"6":4,"7":0},"b":{"0":[0],"1":[0],"2":[0],"3":[0,0],"4":[0,0],"5":[0,0],"6":[0,0]},"inputSourceMap":null,"_coverageSchema":"1a1c01bbd47fc00a2c39e90264f33305004495a9","hash":"fca088256c72d50818dad891bcc49f43f063a1f9"}
,"G:\\Arbutus projects\\Task Management\\src\\task\\task.controller.js": {"path":"G:\\Arbutus projects\\Task Management\\src\\task\\task.controller.js","statementMap":{"0":{"start":{"line":6,"column":26},"end":{"line":12,"column":2}},"1":{"start":{"line":7,"column":2},"end":{"line":7,"column":51}},"2":{"start":{"line":9,"column":15},"end":{"line":9,"column":53}},"3":{"start":{"line":11,"column":2},"end":{"line":11,"column":54}},"4":{"start":{"line":14,"column":24},"end":{"line":18,"column":2}},"5":{"start":{"line":15,"column":16},"end":{"line":15,"column":53}},"6":{"start":{"line":17,"column":2},"end":{"line":17,"column":56}},"7":{"start":{"line":20,"column":27},"end":{"line":24,"column":2}},"8":{"start":{"line":21,"column":15},"end":{"line":21,"column":59}},"9":{"start":{"line":23,"column":2},"end":{"line":23,"column":54}},"10":{"start":{"line":26,"column":26},"end":{"line":30,"column":2}},"11":{"start":{"line":27,"column":18},"end":{"line":27,"column":71}},"12":{"start":{"line":29,"column":2},"end":{"line":29,"column":57}},"13":{"start":{"line":32,"column":26},"end":{"line":36,"column":2}},"14":{"start":{"line":33,"column":2},"end":{"line":33,"column":46}},"15":{"start":{"line":35,"column":2},"end":{"line":35,"column":48}},"16":{"start":{"line":38,"column":32},"end":{"line":45,"column":2}},"17":{"start":{"line":39,"column":15},"end":{"line":42,"column":3}},"18":{"start":{"line":44,"column":2},"end":{"line":44,"column":56}},"19":{"start":{"line":47,"column":26},"end":{"line":51,"column":2}},"20":{"start":{"line":48,"column":15},"end":{"line":48,"column":75}},"21":{"start":{"line":50,"column":2},"end":{"line":50,"column":55}},"22":{"start":{"line":53,"column":27},"end":{"line":57,"column":2}},"23":{"start":{"line":54,"column":15},"end":{"line":54,"column":46}},"24":{"start":{"line":56,"column":2},"end":{"line":56,"column":66}}},"fnMap":{"0":{"name":"(anonymous_0)","decl":{"start":{"line":6,"column":39},"end":{"line":6,"column":40}},"loc":{"start":{"line":6,"column":59},"end":{"line":12,"column":1}},"line":6},"1":{"name":"(anonymous_1)","decl":{"start":{"line":14,"column":37},"end":{"line":14,"column":38}},"loc":{"start":{"line":14,"column":57},"end":{"line":18,"column":1}},"line":14},"2":{"name":"(anonymous_2)","decl":{"start":{"line":20,"column":40},"end":{"line":20,"column":41}},"loc":{"start":{"line":20,"column":60},"end":{"line":24,"column":1}},"line":20},"3":{"name":"(anonymous_3)","decl":{"start":{"line":26,"column":39},"end":{"line":26,"column":40}},"loc":{"start":{"line":26,"column":59},"end":{"line":30,"column":1}},"line":26},"4":{"name":"(anonymous_4)","decl":{"start":{"line":32,"column":39},"end":{"line":32,"column":40}},"loc":{"start":{"line":32,"column":59},"end":{"line":36,"column":1}},"line":32},"5":{"name":"(anonymous_5)","decl":{"start":{"line":38,"column":45},"end":{"line":38,"column":46}},"loc":{"start":{"line":38,"column":65},"end":{"line":45,"column":1}},"line":38},"6":{"name":"(anonymous_6)","decl":{"start":{"line":47,"column":39},"end":{"line":47,"column":40}},"loc":{"start":{"line":47,"column":59},"end":{"line":51,"column":1}},"line":47},"7":{"name":"(anonymous_7)","decl":{"start":{"line":53,"column":40},"end":{"line":53,"column":41}},"loc":{"start":{"line":53,"column":60},"end":{"line":57,"column":1}},"line":53}},"branchMap":{},"s":{"0":3,"1":1,"2":1,"3":1,"4":3,"5":0,"6":0,"7":3,"8":0,"9":0,"10":3,"11":0,"12":0,"13":3,"14":0,"15":0,"16":3,"17":1,"18":1,"19":3,"20":0,"21":0,"22":3,"23":0,"24":0},"f":{"0":1,"1":0,"2":0,"3":0,"4":0,"5":1,"6":0,"7":0},"b":{},"inputSourceMap":null,"_coverageSchema":"1a1c01bbd47fc00a2c39e90264f33305004495a9","hash":"d6c177fe3d425747f817f9b6408d94c6997fcde9"}
,"G:\\Arbutus projects\\Task Management\\src\\task\\task.service.js": {"path":"G:\\Arbutus projects\\Task Management\\src\\task\\task.service.js","statementMap":{"0":{"start":{"line":4,"column":26},"end":{"line":6,"column":1}},"1":{"start":{"line":5,"column":2},"end":{"line":5,"column":33}},"2":{"start":{"line":8,"column":24},"end":{"line":23,"column":1}},"3":{"start":{"line":9,"column":55},"end":{"line":9,"column":60}},"4":{"start":{"line":11,"column":17},"end":{"line":11,"column":19}},"5":{"start":{"line":13,"column":2},"end":{"line":13,"column":37}},"6":{"start":{"line":13,"column":14},"end":{"line":13,"column":37}},"7":{"start":{"line":14,"column":2},"end":{"line":14,"column":49}},"8":{"start":{"line":14,"column":18},"end":{"line":14,"column":49}},"9":{"start":{"line":16,"column":15},"end":{"line":16,"column":33}},"10":{"start":{"line":18,"column":16},"end":{"line":18,"column":71}},"11":{"start":{"line":20,"column":16},"end":{"line":20,"column":49}},"12":{"start":{"line":22,"column":2},"end":{"line":22,"column":26}},"13":{"start":{"line":25,"column":27},"end":{"line":31,"column":1}},"14":{"start":{"line":26,"column":15},"end":{"line":26,"column":38}},"15":{"start":{"line":28,"column":2},"end":{"line":28,"column":55}},"16":{"start":{"line":28,"column":13},"end":{"line":28,"column":55}},"17":{"start":{"line":30,"column":2},"end":{"line":30,"column":14}},"18":{"start":{"line":33,"column":26},"end":{"line":39,"column":1}},"19":{"start":{"line":34,"column":15},"end":{"line":34,"column":68}},"20":{"start":{"line":36,"column":2},"end":{"line":36,"column":55}},"21":{"start":{"line":36,"column":13},"end":{"line":36,"column":55}},"22":{"start":{"line":38,"column":2},"end":{"line":38,"column":14}},"23":{"start":{"line":41,"column":26},"end":{"line":45,"column":1}},"24":{"start":{"line":42,"column":15},"end":{"line":42,"column":47}},"25":{"start":{"line":44,"column":2},"end":{"line":44,"column":55}},"26":{"start":{"line":44,"column":13},"end":{"line":44,"column":55}},"27":{"start":{"line":47,"column":32},"end":{"line":53,"column":1}},"28":{"start":{"line":48,"column":2},"end":{"line":50,"column":3}},"29":{"start":{"line":49,"column":4},"end":{"line":49,"column":46}},"30":{"start":{"line":52,"column":2},"end":{"line":52,"column":69}},"31":{"start":{"line":55,"column":26},"end":{"line":61,"column":1}},"32":{"start":{"line":56,"column":2},"end":{"line":60,"column":4}},"33":{"start":{"line":63,"column":27},"end":{"line":106,"column":1}},"34":{"start":{"line":64,"column":16},"end":{"line":103,"column":4}},"35":{"start":{"line":105,"column":2},"end":{"line":105,"column":15}}},"fnMap":{"0":{"name":"(anonymous_0)","decl":{"start":{"line":4,"column":26},"end":{"line":4,"column":27}},"loc":{"start":{"line":4,"column":42},"end":{"line":6,"column":1}},"line":4},"1":{"name":"(anonymous_1)","decl":{"start":{"line":8,"column":24},"end":{"line":8,"column":25}},"loc":{"start":{"line":8,"column":41},"end":{"line":23,"column":1}},"line":8},"2":{"name":"(anonymous_2)","decl":{"start":{"line":25,"column":27},"end":{"line":25,"column":28}},"loc":{"start":{"line":25,"column":41},"end":{"line":31,"column":1}},"line":25},"3":{"name":"(anonymous_3)","decl":{"start":{"line":33,"column":26},"end":{"line":33,"column":27}},"loc":{"start":{"line":33,"column":46},"end":{"line":39,"column":1}},"line":33},"4":{"name":"(anonymous_4)","decl":{"start":{"line":41,"column":26},"end":{"line":41,"column":27}},"loc":{"start":{"line":41,"column":40},"end":{"line":45,"column":1}},"line":41},"5":{"name":"(anonymous_5)","decl":{"start":{"line":47,"column":32},"end":{"line":47,"column":33}},"loc":{"start":{"line":47,"column":54},"end":{"line":53,"column":1}},"line":47},"6":{"name":"(anonymous_6)","decl":{"start":{"line":55,"column":26},"end":{"line":55,"column":27}},"loc":{"start":{"line":55,"column":48},"end":{"line":61,"column":1}},"line":55},"7":{"name":"(anonymous_7)","decl":{"start":{"line":63,"column":27},"end":{"line":63,"column":28}},"loc":{"start":{"line":63,"column":39},"end":{"line":106,"column":1}},"line":63}},"branchMap":{"0":{"loc":{"start":{"line":9,"column":30},"end":{"line":9,"column":38}},"type":"default-arg","locations":[{"start":{"line":9,"column":37},"end":{"line":9,"column":38}}],"line":9},"1":{"loc":{"start":{"line":9,"column":40},"end":{"line":9,"column":50}},"type":"default-arg","locations":[{"start":{"line":9,"column":48},"end":{"line":9,"column":50}}],"line":9},"2":{"loc":{"start":{"line":13,"column":2},"end":{"line":13,"column":37}},"type":"if","locations":[{"start":{"line":13,"column":2},"end":{"line":13,"column":37}},{"start":{},"end":{}}],"line":13},"3":{"loc":{"start":{"line":14,"column":2},"end":{"line":14,"column":49}},"type":"if","locations":[{"start":{"line":14,"column":2},"end":{"line":14,"column":49}},{"start":{},"end":{}}],"line":14},"4":{"loc":{"start":{"line":28,"column":2},"end":{"line":28,"column":55}},"type":"if","locations":[{"start":{"line":28,"column":2},"end":{"line":28,"column":55}},{"start":{},"end":{}}],"line":28},"5":{"loc":{"start":{"line":36,"column":2},"end":{"line":36,"column":55}},"type":"if","locations":[{"start":{"line":36,"column":2},"end":{"line":36,"column":55}},{"start":{},"end":{}}],"line":36},"6":{"loc":{"start":{"line":44,"column":2},"end":{"line":44,"column":55}},"type":"if","locations":[{"start":{"line":44,"column":2},"end":{"line":44,"column":55}},{"start":{},"end":{}}],"line":44},"7":{"loc":{"start":{"line":48,"column":2},"end":{"line":50,"column":3}},"type":"if","locations":[{"start":{"line":48,"column":2},"end":{"line":50,"column":3}},{"start":{},"end":{}}],"line":48}},"s":{"0":4,"1":2,"2":4,"3":0,"4":0,"5":0,"6":0,"7":0,"8":0,"9":0,"10":0,"11":0,"12":0,"13":4,"14":0,"15":0,"16":0,"17":0,"18":4,"19":0,"20":0,"21":0,"22":0,"23":4,"24":0,"25":0,"26":0,"27":4,"28":4,"29":1,"30":3,"31":4,"32":0,"33":4,"34":0,"35":0},"f":{"0":2,"1":0,"2":0,"3":0,"4":0,"5":4,"6":0,"7":0},"b":{"0":[0],"1":[0],"2":[0,0],"3":[0,0],"4":[0,0],"5":[0,0],"6":[0,0],"7":[1,3]},"inputSourceMap":null,"_coverageSchema":"1a1c01bbd47fc00a2c39e90264f33305004495a9","hash":"11be788f1a222b3cacfba4bd12b4ef1e6f2617cc"}
,"G:\\Arbutus projects\\Task Management\\src\\user\\user.controller.js": {"path":"G:\\Arbutus projects\\Task Management\\src\\user\\user.controller.js","statementMap":{"0":{"start":{"line":9,"column":26},"end":{"line":15,"column":2}},"1":{"start":{"line":10,"column":2},"end":{"line":10,"column":48}},"2":{"start":{"line":12,"column":15},"end":{"line":12,"column":53}},"3":{"start":{"line":14,"column":2},"end":{"line":14,"column":67}},"4":{"start":{"line":20,"column":24},"end":{"line":24,"column":2}},"5":{"start":{"line":21,"column":17},"end":{"line":21,"column":54}},"6":{"start":{"line":23,"column":2},"end":{"line":23,"column":57}},"7":{"start":{"line":29,"column":27},"end":{"line":33,"column":2}},"8":{"start":{"line":30,"column":15},"end":{"line":30,"column":59}},"9":{"start":{"line":32,"column":2},"end":{"line":32,"column":54}},"10":{"start":{"line":38,"column":26},"end":{"line":42,"column":2}},"11":{"start":{"line":39,"column":18},"end":{"line":39,"column":71}},"12":{"start":{"line":41,"column":2},"end":{"line":41,"column":57}},"13":{"start":{"line":47,"column":26},"end":{"line":51,"column":2}},"14":{"start":{"line":48,"column":2},"end":{"line":48,"column":46}},"15":{"start":{"line":50,"column":2},"end":{"line":50,"column":48}}},"fnMap":{"0":{"name":"(anonymous_0)","decl":{"start":{"line":9,"column":39},"end":{"line":9,"column":40}},"loc":{"start":{"line":9,"column":59},"end":{"line":15,"column":1}},"line":9},"1":{"name":"(anonymous_1)","decl":{"start":{"line":20,"column":37},"end":{"line":20,"column":38}},"loc":{"start":{"line":20,"column":57},"end":{"line":24,"column":1}},"line":20},"2":{"name":"(anonymous_2)","decl":{"start":{"line":29,"column":40},"end":{"line":29,"column":41}},"loc":{"start":{"line":29,"column":60},"end":{"line":33,"column":1}},"line":29},"3":{"name":"(anonymous_3)","decl":{"start":{"line":38,"column":39},"end":{"line":38,"column":40}},"loc":{"start":{"line":38,"column":59},"end":{"line":42,"column":1}},"line":38},"4":{"name":"(anonymous_4)","decl":{"start":{"line":47,"column":39},"end":{"line":47,"column":40}},"loc":{"start":{"line":47,"column":59},"end":{"line":51,"column":1}},"line":47}},"branchMap":{},"s":{"0":3,"1":2,"2":1,"3":1,"4":3,"5":0,"6":0,"7":3,"8":0,"9":0,"10":3,"11":0,"12":0,"13":3,"14":0,"15":0},"f":{"0":2,"1":0,"2":0,"3":0,"4":0},"b":{},"inputSourceMap":null,"_coverageSchema":"1a1c01bbd47fc00a2c39e90264f33305004495a9","hash":"6fee19c0934b2684e5283f6dbb30fd79b7a4572c"}
,"G:\\Arbutus projects\\Task Management\\src\\user\\user.service.js": {"path":"G:\\Arbutus projects\\Task Management\\src\\user\\user.service.js","statementMap":{"0":{"start":{"line":7,"column":26},"end":{"line":16,"column":1}},"1":{"start":{"line":9,"column":23},"end":{"line":9,"column":64}},"2":{"start":{"line":11,"column":2},"end":{"line":13,"column":3}},"3":{"start":{"line":12,"column":4},"end":{"line":12,"column":52}},"4":{"start":{"line":15,"column":2},"end":{"line":15,"column":33}},"5":{"start":{"line":21,"column":24},"end":{"line":36,"column":1}},"6":{"start":{"line":22,"column":56},"end":{"line":22,"column":61}},"7":{"start":{"line":24,"column":15},"end":{"line":24,"column":33}},"8":{"start":{"line":26,"column":16},"end":{"line":26,"column":76}},"9":{"start":{"line":28,"column":16},"end":{"line":28,"column":43}},"10":{"start":{"line":30,"column":2},"end":{"line":35,"column":4}},"11":{"start":{"line":41,"column":27},"end":{"line":47,"column":1}},"12":{"start":{"line":42,"column":15},"end":{"line":42,"column":38}},"13":{"start":{"line":44,"column":2},"end":{"line":44,"column":55}},"14":{"start":{"line":44,"column":13},"end":{"line":44,"column":55}},"15":{"start":{"line":46,"column":2},"end":{"line":46,"column":14}},"16":{"start":{"line":52,"column":26},"end":{"line":70,"column":1}},"17":{"start":{"line":54,"column":2},"end":{"line":60,"column":3}},"18":{"start":{"line":55,"column":25},"end":{"line":55,"column":66}},"19":{"start":{"line":57,"column":4},"end":{"line":59,"column":5}},"20":{"start":{"line":58,"column":6},"end":{"line":58,"column":54}},"21":{"start":{"line":62,"column":15},"end":{"line":65,"column":4}},"22":{"start":{"line":67,"column":2},"end":{"line":67,"column":55}},"23":{"start":{"line":67,"column":13},"end":{"line":67,"column":55}},"24":{"start":{"line":69,"column":2},"end":{"line":69,"column":14}},"25":{"start":{"line":75,"column":26},"end":{"line":79,"column":1}},"26":{"start":{"line":76,"column":15},"end":{"line":76,"column":47}},"27":{"start":{"line":78,"column":2},"end":{"line":78,"column":55}},"28":{"start":{"line":78,"column":13},"end":{"line":78,"column":55}}},"fnMap":{"0":{"name":"(anonymous_0)","decl":{"start":{"line":7,"column":26},"end":{"line":7,"column":27}},"loc":{"start":{"line":7,"column":42},"end":{"line":16,"column":1}},"line":7},"1":{"name":"(anonymous_1)","decl":{"start":{"line":21,"column":24},"end":{"line":21,"column":25}},"loc":{"start":{"line":21,"column":41},"end":{"line":36,"column":1}},"line":21},"2":{"name":"(anonymous_2)","decl":{"start":{"line":41,"column":27},"end":{"line":41,"column":28}},"loc":{"start":{"line":41,"column":41},"end":{"line":47,"column":1}},"line":41},"3":{"name":"(anonymous_3)","decl":{"start":{"line":52,"column":26},"end":{"line":52,"column":27}},"loc":{"start":{"line":52,"column":46},"end":{"line":70,"column":1}},"line":52},"4":{"name":"(anonymous_4)","decl":{"start":{"line":75,"column":26},"end":{"line":75,"column":27}},"loc":{"start":{"line":75,"column":40},"end":{"line":79,"column":1}},"line":75}},"branchMap":{"0":{"loc":{"start":{"line":11,"column":2},"end":{"line":13,"column":3}},"type":"if","locations":[{"start":{"line":11,"column":2},"end":{"line":13,"column":3}},{"start":{},"end":{}}],"line":11},"1":{"loc":{"start":{"line":22,"column":10},"end":{"line":22,"column":18}},"type":"default-arg","locations":[{"start":{"line":22,"column":17},"end":{"line":22,"column":18}}],"line":22},"2":{"loc":{"start":{"line":22,"column":20},"end":{"line":22,"column":30}},"type":"default-arg","locations":[{"start":{"line":22,"column":28},"end":{"line":22,"column":30}}],"line":22},"3":{"loc":{"start":{"line":22,"column":32},"end":{"line":22,"column":51}},"type":"default-arg","locations":[{"start":{"line":22,"column":39},"end":{"line":22,"column":51}}],"line":22},"4":{"loc":{"start":{"line":44,"column":2},"end":{"line":44,"column":55}},"type":"if","locations":[{"start":{"line":44,"column":2},"end":{"line":44,"column":55}},{"start":{},"end":{}}],"line":44},"5":{"loc":{"start":{"line":54,"column":2},"end":{"line":60,"column":3}},"type":"if","locations":[{"start":{"line":54,"column":2},"end":{"line":60,"column":3}},{"start":{},"end":{}}],"line":54},"6":{"loc":{"start":{"line":57,"column":4},"end":{"line":59,"column":5}},"type":"if","locations":[{"start":{"line":57,"column":4},"end":{"line":59,"column":5}},{"start":{},"end":{}}],"line":57},"7":{"loc":{"start":{"line":57,"column":8},"end":{"line":57,"column":58}},"type":"binary-expr","locations":[{"start":{"line":57,"column":8},"end":{"line":57,"column":20}},{"start":{"line":57,"column":24},"end":{"line":57,"column":58}}],"line":57},"8":{"loc":{"start":{"line":67,"column":2},"end":{"line":67,"column":55}},"type":"if","locations":[{"start":{"line":67,"column":2},"end":{"line":67,"column":55}},{"start":{},"end":{}}],"line":67},"9":{"loc":{"start":{"line":78,"column":2},"end":{"line":78,"column":55}},"type":"if","locations":[{"start":{"line":78,"column":2},"end":{"line":78,"column":55}},{"start":{},"end":{}}],"line":78}},"s":{"0":4,"1":4,"2":4,"3":3,"4":1,"5":4,"6":0,"7":0,"8":0,"9":0,"10":0,"11":4,"12":0,"13":0,"14":0,"15":0,"16":4,"17":0,"18":0,"19":0,"20":0,"21":0,"22":0,"23":0,"24":0,"25":4,"26":0,"27":0,"28":0},"f":{"0":4,"1":0,"2":0,"3":0,"4":0},"b":{"0":[3,1],"1":[0],"2":[0],"3":[0],"4":[0,0],"5":[0,0],"6":[0,0],"7":[0,0],"8":[0,0],"9":[0,0]},"inputSourceMap":null,"_coverageSchema":"1a1c01bbd47fc00a2c39e90264f33305004495a9","hash":"32396f80527a6f9ec9a5a90641aa69886f29f4c4"}
,"G:\\Arbutus projects\\Task Management\\utils\\asyncHandler.js": {"path":"G:\\Arbutus projects\\Task Management\\utils\\asyncHandler.js","statementMap":{"0":{"start":{"line":1,"column":21},"end":{"line":3,"column":1}},"1":{"start":{"line":1,"column":29},"end":{"line":3,"column":1}},"2":{"start":{"line":2,"column":2},"end":{"line":2,"column":50}}},"fnMap":{"0":{"name":"(anonymous_0)","decl":{"start":{"line":1,"column":21},"end":{"line":1,"column":22}},"loc":{"start":{"line":1,"column":29},"end":{"line":3,"column":1}},"line":1},"1":{"name":"(anonymous_1)","decl":{"start":{"line":1,"column":29},"end":{"line":1,"column":30}},"loc":{"start":{"line":1,"column":49},"end":{"line":3,"column":1}},"line":1}},"branchMap":{},"s":{"0":3,"1":63,"2":7},"f":{"0":63,"1":7},"b":{},"inputSourceMap":null,"_coverageSchema":"1a1c01bbd47fc00a2c39e90264f33305004495a9","hash":"adcd32e813c46b370df8f3aaf5c35d6aa6b212dc"}
,"G:\\Arbutus projects\\Task Management\\utils\\error.js": {"path":"G:\\Arbutus projects\\Task Management\\utils\\error.js","statementMap":{"0":{"start":{"line":3,"column":4},"end":{"line":3,"column":19}},"1":{"start":{"line":4,"column":4},"end":{"line":4,"column":33}}},"fnMap":{"0":{"name":"(anonymous_0)","decl":{"start":{"line":2,"column":2},"end":{"line":2,"column":3}},"loc":{"start":{"line":2,"column":35},"end":{"line":5,"column":3}},"line":2}},"branchMap":{},"s":{"0":7,"1":7},"f":{"0":7},"b":{},"inputSourceMap":null,"_coverageSchema":"1a1c01bbd47fc00a2c39e90264f33305004495a9","hash":"f8b83118e32b61c26230e8c197b74a9d31bb7575"}
,"G:\\Arbutus projects\\Task Management\\utils\\response.js": {"path":"G:\\Arbutus projects\\Task Management\\utils\\response.js","statementMap":{"0":{"start":{"line":1,"column":28},"end":{"line":7,"column":1}},"1":{"start":{"line":2,"column":2},"end":{"line":6,"column":5}}},"fnMap":{"0":{"name":"(anonymous_0)","decl":{"start":{"line":1,"column":28},"end":{"line":1,"column":29}},"loc":{"start":{"line":1,"column":71},"end":{"line":7,"column":1}},"line":1}},"branchMap":{"0":{"loc":{"start":{"line":1,"column":55},"end":{"line":1,"column":66}},"type":"default-arg","locations":[{"start":{"line":1,"column":62},"end":{"line":1,"column":66}}],"line":1}},"s":{"0":3,"1":6},"f":{"0":6},"b":{"0":[0]},"inputSourceMap":null,"_coverageSchema":"1a1c01bbd47fc00a2c39e90264f33305004495a9","hash":"04cc47e6159b68bc161b7e5b26af1d568812b875"}
,"G:\\Arbutus projects\\Task Management\\utils\\validator.js": {"path":"G:\\Arbutus projects\\Task Management\\utils\\validator.js","statementMap":{"0":{"start":{"line":3,"column":32},"end":{"line":9,"column":1}},"1":{"start":{"line":4,"column":2},"end":{"line":8,"column":3}},"2":{"start":{"line":5,"column":4},"end":{"line":7,"column":5}},"3":{"start":{"line":6,"column":6},"end":{"line":6,"column":54}}},"fnMap":{"0":{"name":"(anonymous_0)","decl":{"start":{"line":3,"column":32},"end":{"line":3,"column":33}},"loc":{"start":{"line":3,"column":50},"end":{"line":9,"column":1}},"line":3}},"branchMap":{"0":{"loc":{"start":{"line":5,"column":4},"end":{"line":7,"column":5}},"type":"if","locations":[{"start":{"line":5,"column":4},"end":{"line":7,"column":5}},{"start":{},"end":{}}],"line":5}},"s":{"0":4,"1":7,"2":10,"3":2},"f":{"0":7},"b":{"0":[2,8]},"inputSourceMap":null,"_coverageSchema":"1a1c01bbd47fc00a2c39e90264f33305004495a9","hash":"024c87ec9220e07cc23d37a29c7f0d82ff644f39"}
}
