TN:
SF:app.js
FNF:0
FNH:0
DA:5,3
DA:7,3
DA:8,3
DA:10,3
LF:4
LH:4
BRF:0
BRH:0
end_of_record
TN:
SF:models\project.model.js
FNF:0
FNH:0
DA:3,4
DA:45,4
DA:46,4
LF:3
LH:3
BRF:0
BRH:0
end_of_record
TN:
SF:models\task.model.js
FNF:0
FNH:0
DA:3,3
DA:56,3
DA:57,3
DA:58,3
DA:59,3
LF:5
LH:5
BRF:0
BRH:0
end_of_record
TN:
SF:models\user.model.js
FNF:0
FNH:0
DA:3,3
LF:1
LH:1
BRF:0
BRH:0
end_of_record
TN:
SF:routes\index.js
FNF:0
FNH:0
DA:6,3
DA:8,3
DA:9,3
DA:10,3
LF:4
LH:4
BRF:0
BRH:0
end_of_record
TN:
SF:routes\projects.routes.js
FNF:0
FNH:0
DA:4,3
DA:6,3
DA:8,3
DA:10,3
DA:12,3
DA:14,3
DA:16,3
DA:18,3
DA:19,3
LF:9
LH:9
BRF:0
BRH:0
end_of_record
TN:
SF:routes\task.routes.js
FNF:0
FNH:0
DA:4,3
DA:6,3
DA:8,3
DA:10,3
DA:12,3
DA:14,3
DA:16,3
DA:18,3
DA:20,3
LF:9
LH:9
BRF:0
BRH:0
end_of_record
TN:
SF:routes\user.routes.js
FNF:0
FNH:0
DA:4,3
DA:6,3
DA:7,3
LF:3
LH:3
BRF:0
BRH:0
end_of_record
TN:
SF:src\project\project.controller.js
FN:6,(anonymous_0)
FN:14,(anonymous_1)
FN:20,(anonymous_2)
FN:26,(anonymous_3)
FN:32,(anonymous_4)
FN:38,(anonymous_5)
FN:44,(anonymous_6)
FN:50,(anonymous_7)
FNF:8
FNH:2
FNDA:2,(anonymous_0)
FNDA:0,(anonymous_1)
FNDA:0,(anonymous_2)
FNDA:0,(anonymous_3)
FNDA:0,(anonymous_4)
FNDA:0,(anonymous_5)
FNDA:1,(anonymous_6)
FNDA:0,(anonymous_7)
DA:6,3
DA:7,2
DA:9,2
DA:11,2
DA:14,3
DA:15,0
DA:17,0
DA:20,3
DA:21,0
DA:23,0
DA:26,3
DA:27,0
DA:29,0
DA:32,3
DA:33,0
DA:35,0
DA:38,3
DA:39,0
DA:41,0
DA:44,3
DA:45,1
DA:47,1
DA:50,3
DA:51,0
DA:53,0
LF:25
LH:13
BRF:0
BRH:0
end_of_record
TN:
SF:src\project\project.service.js
FN:5,(anonymous_0)
FN:9,(anonymous_1)
FN:24,(anonymous_2)
FN:32,(anonymous_3)
FN:42,(anonymous_4)
FN:48,(anonymous_5)
FN:58,(anonymous_6)
FN:104,(anonymous_7)
FNF:8
FNH:2
FNDA:2,(anonymous_0)
FNDA:0,(anonymous_1)
FNDA:0,(anonymous_2)
FNDA:0,(anonymous_3)
FNDA:0,(anonymous_4)
FNDA:0,(anonymous_5)
FNDA:4,(anonymous_6)
FNDA:0,(anonymous_7)
DA:5,4
DA:6,2
DA:9,4
DA:10,0
DA:12,0
DA:14,0
DA:19,0
DA:21,0
DA:24,4
DA:25,0
DA:27,0
DA:29,0
DA:32,4
DA:33,0
DA:37,0
DA:39,0
DA:42,4
DA:43,0
DA:45,0
DA:48,4
DA:49,0
DA:51,0
DA:53,0
DA:55,0
DA:58,4
DA:59,4
DA:101,3
DA:104,4
DA:105,0
DA:142,0
LF:30
LH:11
BRDA:10,0,0,0
BRDA:10,1,0,0
BRDA:10,2,0,0
BRDA:27,3,0,0
BRDA:27,3,1,0
BRDA:37,4,0,0
BRDA:37,4,1,0
BRDA:45,5,0,0
BRDA:45,5,1,0
BRDA:53,6,0,0
BRDA:53,6,1,0
BRF:11
BRH:0
end_of_record
TN:
SF:src\task\task.controller.js
FN:6,(anonymous_0)
FN:14,(anonymous_1)
FN:20,(anonymous_2)
FN:26,(anonymous_3)
FN:32,(anonymous_4)
FN:38,(anonymous_5)
FN:47,(anonymous_6)
FN:53,(anonymous_7)
FNF:8
FNH:2
FNDA:1,(anonymous_0)
FNDA:0,(anonymous_1)
FNDA:0,(anonymous_2)
FNDA:0,(anonymous_3)
FNDA:0,(anonymous_4)
FNDA:1,(anonymous_5)
FNDA:0,(anonymous_6)
FNDA:0,(anonymous_7)
DA:6,3
DA:7,1
DA:9,1
DA:11,1
DA:14,3
DA:15,0
DA:17,0
DA:20,3
DA:21,0
DA:23,0
DA:26,3
DA:27,0
DA:29,0
DA:32,3
DA:33,0
DA:35,0
DA:38,3
DA:39,1
DA:44,1
DA:47,3
DA:48,0
DA:50,0
DA:53,3
DA:54,0
DA:56,0
LF:25
LH:13
BRF:0
BRH:0
end_of_record
TN:
SF:src\task\task.service.js
FN:4,(anonymous_0)
FN:8,(anonymous_1)
FN:25,(anonymous_2)
FN:33,(anonymous_3)
FN:41,(anonymous_4)
FN:47,(anonymous_5)
FN:55,(anonymous_6)
FN:63,(anonymous_7)
FNF:8
FNH:2
FNDA:2,(anonymous_0)
FNDA:0,(anonymous_1)
FNDA:0,(anonymous_2)
FNDA:0,(anonymous_3)
FNDA:0,(anonymous_4)
FNDA:4,(anonymous_5)
FNDA:0,(anonymous_6)
FNDA:0,(anonymous_7)
DA:4,4
DA:5,2
DA:8,4
DA:9,0
DA:11,0
DA:13,0
DA:14,0
DA:16,0
DA:18,0
DA:20,0
DA:22,0
DA:25,4
DA:26,0
DA:28,0
DA:30,0
DA:33,4
DA:34,0
DA:36,0
DA:38,0
DA:41,4
DA:42,0
DA:44,0
DA:47,4
DA:48,4
DA:49,1
DA:52,3
DA:55,4
DA:56,0
DA:63,4
DA:64,0
DA:105,0
LF:31
LH:12
BRDA:9,0,0,0
BRDA:9,1,0,0
BRDA:13,2,0,0
BRDA:13,2,1,0
BRDA:14,3,0,0
BRDA:14,3,1,0
BRDA:28,4,0,0
BRDA:28,4,1,0
BRDA:36,5,0,0
BRDA:36,5,1,0
BRDA:44,6,0,0
BRDA:44,6,1,0
BRDA:48,7,0,1
BRDA:48,7,1,3
BRF:14
BRH:2
end_of_record
TN:
SF:src\user\user.controller.js
FN:9,(anonymous_0)
FN:20,(anonymous_1)
FN:29,(anonymous_2)
FN:38,(anonymous_3)
FN:47,(anonymous_4)
FNF:5
FNH:1
FNDA:2,(anonymous_0)
FNDA:0,(anonymous_1)
FNDA:0,(anonymous_2)
FNDA:0,(anonymous_3)
FNDA:0,(anonymous_4)
DA:9,3
DA:10,2
DA:12,1
DA:14,1
DA:20,3
DA:21,0
DA:23,0
DA:29,3
DA:30,0
DA:32,0
DA:38,3
DA:39,0
DA:41,0
DA:47,3
DA:48,0
DA:50,0
LF:16
LH:8
BRF:0
BRH:0
end_of_record
TN:
SF:src\user\user.service.js
FN:7,(anonymous_0)
FN:21,(anonymous_1)
FN:41,(anonymous_2)
FN:52,(anonymous_3)
FN:75,(anonymous_4)
FNF:5
FNH:1
FNDA:4,(anonymous_0)
FNDA:0,(anonymous_1)
FNDA:0,(anonymous_2)
FNDA:0,(anonymous_3)
FNDA:0,(anonymous_4)
DA:7,4
DA:9,4
DA:11,4
DA:12,3
DA:15,1
DA:21,4
DA:22,0
DA:24,0
DA:26,0
DA:28,0
DA:30,0
DA:41,4
DA:42,0
DA:44,0
DA:46,0
DA:52,4
DA:54,0
DA:55,0
DA:57,0
DA:58,0
DA:62,0
DA:67,0
DA:69,0
DA:75,4
DA:76,0
DA:78,0
LF:26
LH:9
BRDA:11,0,0,3
BRDA:11,0,1,1
BRDA:22,1,0,0
BRDA:22,2,0,0
BRDA:22,3,0,0
BRDA:44,4,0,0
BRDA:44,4,1,0
BRDA:54,5,0,0
BRDA:54,5,1,0
BRDA:57,6,0,0
BRDA:57,6,1,0
BRDA:57,7,0,0
BRDA:57,7,1,0
BRDA:67,8,0,0
BRDA:67,8,1,0
BRDA:78,9,0,0
BRDA:78,9,1,0
BRF:17
BRH:2
end_of_record
TN:
SF:utils\asyncHandler.js
FN:1,(anonymous_0)
FN:1,(anonymous_1)
FNF:2
FNH:2
FNDA:63,(anonymous_0)
FNDA:7,(anonymous_1)
DA:1,63
DA:2,7
LF:2
LH:2
BRF:0
BRH:0
end_of_record
TN:
SF:utils\error.js
FN:2,(anonymous_0)
FNF:1
FNH:1
FNDA:7,(anonymous_0)
DA:3,7
DA:4,7
LF:2
LH:2
BRF:0
BRH:0
end_of_record
TN:
SF:utils\response.js
FN:1,(anonymous_0)
FNF:1
FNH:1
FNDA:6,(anonymous_0)
DA:1,3
DA:2,6
LF:2
LH:2
BRDA:1,0,0,0
BRF:1
BRH:0
end_of_record
TN:
SF:utils\validator.js
FN:3,(anonymous_0)
FNF:1
FNH:1
FNDA:7,(anonymous_0)
DA:3,4
DA:4,7
DA:5,10
DA:6,2
LF:4
LH:4
BRDA:5,0,0,2
BRDA:5,0,1,8
BRF:2
BRH:2
end_of_record
