TN:
SF:app.js
FN:13,(anonymous_0)
FN:17,(anonymous_1)
FNF:2
FNH:1
FNDA:0,(anonymous_0)
FNDA:2,(anonymous_1)
DA:6,3
DA:8,3
DA:9,3
DA:11,3
DA:13,3
DA:14,0
DA:17,3
DA:18,2
DA:19,2
LF:9
LH:8
BRDA:18,0,0,2
BRDA:18,0,1,0
BRDA:21,1,0,2
BRDA:21,1,1,0
BRF:4
BRH:2
end_of_record
TN:
SF:models\project.model.js
FNF:0
FNH:0
DA:3,3
DA:45,3
DA:46,3
LF:3
LH:3
BRF:0
BRH:0
end_of_record
TN:
SF:models\task.model.js
FNF:0
FNH:0
DA:3,3
DA:56,3
DA:57,3
DA:58,3
DA:59,3
LF:5
LH:5
BRF:0
BRH:0
end_of_record
TN:
SF:models\user.model.js
FNF:0
FNH:0
DA:3,3
LF:1
LH:1
BRF:0
BRH:0
end_of_record
TN:
SF:routes\index.js
FNF:0
FNH:0
DA:6,3
DA:8,3
DA:9,3
DA:10,3
LF:4
LH:4
BRF:0
BRH:0
end_of_record
TN:
SF:routes\projects.routes.js
FNF:0
FNH:0
DA:4,3
DA:6,3
DA:8,3
DA:9,3
DA:10,3
DA:15,3
DA:17,3
DA:19,3
DA:21,3
LF:9
LH:9
BRF:0
BRH:0
end_of_record
TN:
SF:routes\task.routes.js
FNF:0
FNH:0
DA:4,3
DA:6,3
DA:8,3
DA:9,3
DA:11,3
DA:13,3
DA:15,3
DA:17,3
DA:19,3
LF:9
LH:9
BRF:0
BRH:0
end_of_record
TN:
SF:routes\user.routes.js
FNF:0
FNH:0
DA:4,3
DA:6,3
DA:7,3
LF:3
LH:3
BRF:0
BRH:0
end_of_record
TN:
SF:src\project\project.controller.js
FN:6,(anonymous_0)
FN:14,(anonymous_1)
FN:20,(anonymous_2)
FN:26,(anonymous_3)
FN:32,(anonymous_4)
FN:38,(anonymous_5)
FN:44,(anonymous_6)
FN:50,(anonymous_7)
FNF:8
FNH:2
FNDA:2,(anonymous_0)
FNDA:0,(anonymous_1)
FNDA:0,(anonymous_2)
FNDA:0,(anonymous_3)
FNDA:0,(anonymous_4)
FNDA:0,(anonymous_5)
FNDA:1,(anonymous_6)
FNDA:0,(anonymous_7)
DA:6,3
DA:7,2
DA:9,2
DA:11,2
DA:14,3
DA:15,0
DA:17,0
DA:20,3
DA:21,0
DA:23,0
DA:26,3
DA:27,0
DA:29,0
DA:32,3
DA:33,0
DA:35,0
DA:38,3
DA:39,0
DA:41,0
DA:44,3
DA:45,1
DA:47,1
DA:50,3
DA:51,0
DA:53,0
LF:25
LH:13
BRF:0
BRH:0
end_of_record
TN:
SF:src\project\project.service.js
FN:5,(anonymous_0)
FN:9,(anonymous_1)
FN:24,(anonymous_2)
FN:32,(anonymous_3)
FN:42,(anonymous_4)
FN:48,(anonymous_5)
FN:58,(anonymous_6)
FN:104,(anonymous_7)
FNF:8
FNH:8
FNDA:3,(anonymous_0)
FNDA:1,(anonymous_1)
FNDA:1,(anonymous_2)
FNDA:1,(anonymous_3)
FNDA:1,(anonymous_4)
FNDA:1,(anonymous_5)
FNDA:2,(anonymous_6)
FNDA:1,(anonymous_7)
DA:5,4
DA:6,3
DA:9,4
DA:10,1
DA:12,1
DA:14,1
DA:19,1
DA:21,1
DA:24,4
DA:25,1
DA:27,1
DA:29,0
DA:32,4
DA:33,1
DA:37,1
DA:39,1
DA:42,4
DA:43,1
DA:45,1
DA:48,4
DA:49,1
DA:51,1
DA:53,1
DA:55,1
DA:58,4
DA:59,2
DA:101,2
DA:104,4
DA:105,1
DA:142,1
LF:30
LH:29
BRDA:10,0,0,0
BRDA:10,1,0,0
BRDA:10,2,0,1
BRDA:27,3,0,1
BRDA:27,3,1,0
BRDA:37,4,0,0
BRDA:37,4,1,1
BRDA:45,5,0,1
BRDA:45,5,1,0
BRDA:53,6,0,1
BRDA:53,6,1,0
BRF:11
BRH:5
end_of_record
TN:
SF:src\task\task.controller.js
FN:6,(anonymous_0)
FN:14,(anonymous_1)
FN:20,(anonymous_2)
FN:26,(anonymous_3)
FN:32,(anonymous_4)
FN:38,(anonymous_5)
FN:49,(anonymous_6)
FN:57,(anonymous_7)
FNF:8
FNH:5
FNDA:7,(anonymous_0)
FNDA:1,(anonymous_1)
FNDA:0,(anonymous_2)
FNDA:0,(anonymous_3)
FNDA:0,(anonymous_4)
FNDA:3,(anonymous_5)
FNDA:2,(anonymous_6)
FNDA:1,(anonymous_7)
DA:6,3
DA:7,7
DA:9,6
DA:11,6
DA:14,3
DA:15,1
DA:17,1
DA:20,3
DA:21,0
DA:23,0
DA:26,3
DA:27,0
DA:29,0
DA:32,3
DA:33,0
DA:35,0
DA:38,3
DA:39,3
DA:41,3
DA:46,3
DA:49,3
DA:50,2
DA:52,2
DA:54,2
DA:57,3
DA:58,1
DA:60,1
LF:27
LH:21
BRF:0
BRH:0
end_of_record
TN:
SF:src\task\task.service.js
FN:4,(anonymous_0)
FN:8,(anonymous_1)
FN:33,(anonymous_2)
FN:41,(anonymous_3)
FN:49,(anonymous_4)
FN:55,(anonymous_5)
FN:67,(anonymous_6)
FN:79,(anonymous_7)
FNF:8
FNH:5
FNDA:7,(anonymous_0)
FNDA:2,(anonymous_1)
FNDA:0,(anonymous_2)
FNDA:0,(anonymous_3)
FNDA:0,(anonymous_4)
FNDA:6,(anonymous_5)
FNDA:3,(anonymous_6)
FNDA:1,(anonymous_7)
DA:4,4
DA:5,7
DA:8,4
DA:16,2
DA:18,2
DA:20,2
DA:21,2
DA:22,2
DA:24,2
DA:26,2
DA:28,2
DA:30,2
DA:33,4
DA:34,0
DA:36,0
DA:38,0
DA:41,4
DA:42,0
DA:44,0
DA:46,0
DA:49,4
DA:50,0
DA:52,0
DA:55,4
DA:56,6
DA:57,1
DA:60,5
DA:62,5
DA:64,4
DA:67,4
DA:68,3
DA:74,3
DA:76,3
DA:79,4
DA:80,1
DA:121,1
LF:36
LH:28
BRDA:14,0,0,2
BRDA:15,1,0,2
BRDA:20,2,0,2
BRDA:20,2,1,0
BRDA:21,3,0,1
BRDA:21,3,1,1
BRDA:21,4,0,2
BRDA:21,4,1,2
BRDA:21,5,0,1
BRDA:21,5,1,1
BRDA:22,6,0,2
BRDA:22,6,1,0
BRDA:36,7,0,0
BRDA:36,7,1,0
BRDA:44,8,0,0
BRDA:44,8,1,0
BRDA:52,9,0,0
BRDA:52,9,1,0
BRDA:56,10,0,1
BRDA:56,10,1,5
BRDA:62,11,0,1
BRDA:62,11,1,4
BRDA:74,12,0,0
BRDA:74,12,1,3
BRF:24
BRH:15
end_of_record
TN:
SF:src\user\user.controller.js
FN:9,(anonymous_0)
FN:20,(anonymous_1)
FN:29,(anonymous_2)
FN:38,(anonymous_3)
FN:47,(anonymous_4)
FNF:5
FNH:1
FNDA:3,(anonymous_0)
FNDA:0,(anonymous_1)
FNDA:0,(anonymous_2)
FNDA:0,(anonymous_3)
FNDA:0,(anonymous_4)
DA:9,3
DA:10,3
DA:12,2
DA:14,2
DA:20,3
DA:21,0
DA:23,0
DA:29,3
DA:30,0
DA:32,0
DA:38,3
DA:39,0
DA:41,0
DA:47,3
DA:48,0
DA:50,0
LF:16
LH:8
BRF:0
BRH:0
end_of_record
TN:
SF:src\user\user.service.js
FN:7,(anonymous_0)
FN:21,(anonymous_1)
FN:41,(anonymous_2)
FN:52,(anonymous_3)
FN:75,(anonymous_4)
FNF:5
FNH:5
FNDA:4,(anonymous_0)
FNDA:1,(anonymous_1)
FNDA:2,(anonymous_2)
FNDA:1,(anonymous_3)
FNDA:1,(anonymous_4)
DA:7,4
DA:9,4
DA:11,4
DA:12,1
DA:15,3
DA:21,4
DA:22,1
DA:24,1
DA:26,1
DA:28,1
DA:30,1
DA:41,4
DA:42,2
DA:44,2
DA:46,1
DA:52,4
DA:54,1
DA:55,0
DA:57,0
DA:58,0
DA:62,1
DA:67,1
DA:69,1
DA:75,4
DA:76,1
DA:78,1
LF:26
LH:23
BRDA:11,0,0,1
BRDA:11,0,1,3
BRDA:22,1,0,0
BRDA:22,2,0,0
BRDA:22,3,0,1
BRDA:44,4,0,1
BRDA:44,4,1,1
BRDA:54,5,0,0
BRDA:54,5,1,1
BRDA:57,6,0,0
BRDA:57,6,1,0
BRDA:57,7,0,0
BRDA:57,7,1,0
BRDA:67,8,0,0
BRDA:67,8,1,1
BRDA:78,9,0,1
BRDA:78,9,1,0
BRF:17
BRH:8
end_of_record
TN:
SF:utils\asyncHandler.js
FN:1,(anonymous_0)
FN:1,(anonymous_1)
FNF:2
FNH:2
FNDA:63,(anonymous_0)
FNDA:20,(anonymous_1)
DA:1,63
DA:2,20
LF:2
LH:2
BRF:0
BRH:0
end_of_record
TN:
SF:utils\error.js
FN:2,(anonymous_0)
FNF:1
FNH:1
FNDA:11,(anonymous_0)
DA:3,11
DA:4,11
LF:2
LH:2
BRF:0
BRH:0
end_of_record
TN:
SF:utils\response.js
FN:1,(anonymous_0)
FNF:1
FNH:1
FNDA:18,(anonymous_0)
DA:1,3
DA:2,18
LF:2
LH:2
BRDA:1,0,0,0
BRF:1
BRH:0
end_of_record
TN:
SF:utils\validator.js
FN:3,(anonymous_0)
FNF:1
FNH:1
FNDA:19,(anonymous_0)
DA:3,4
DA:4,19
DA:5,28
DA:6,3
LF:4
LH:4
BRDA:5,0,0,3
BRDA:5,0,1,25
BRF:2
BRH:2
end_of_record
